<?xml version="1.0" encoding="UTF-8"?>
<testsuite name="com.jojoldu.book.springboot.web.IndexControllerTest" tests="1" skipped="0" failures="0" errors="0" timestamp="2022-08-19T03:32:49" hostname="DESKTOP-M9ND9L9" time="0.328">
  <properties/>
  <testcase name="메인페이지_로딩" classname="com.jojoldu.book.springboot.web.IndexControllerTest" time="0.328"/>
  <system-out><![CDATA[2022-08-19 12:32:46.692  INFO 37996 --- [    Test worker] .b.t.c.SpringBootTestContextBootstrapper : Neither @ContextConfiguration nor @ContextHierarchy found for test class [com.jojoldu.book.springboot.web.IndexControllerTest], using SpringBootContextLoader
2022-08-19 12:32:46.694  INFO 37996 --- [    Test worker] o.s.t.c.support.AbstractContextLoader    : Could not detect default resource locations for test class [com.jojoldu.book.springboot.web.IndexControllerTest]: no resource found for suffixes {-context.xml, Context.groovy}.
2022-08-19 12:32:46.694  INFO 37996 --- [    Test worker] t.c.s.AnnotationConfigContextLoaderUtils : Could not detect default configuration classes for test class [com.jojoldu.book.springboot.web.IndexControllerTest]: IndexControllerTest does not declare any static, non-private, non-final, nested classes annotated with @Configuration.
2022-08-19 12:32:46.697  INFO 37996 --- [    Test worker] .b.t.c.SpringBootTestContextBootstrapper : Found @SpringBootConfiguration com.jojoldu.book.springboot.Application for test class com.jojoldu.book.springboot.web.IndexControllerTest
2022-08-19 12:32:46.698  INFO 37996 --- [    Test worker] .b.t.c.SpringBootTestContextBootstrapper : Loaded default TestExecutionListener class names from location [META-INF/spring.factories]: [org.springframework.security.test.context.support.WithSecurityContextTestExecutionListener, org.springframework.security.test.context.support.ReactorContextTestExecutionListener, org.springframework.boot.test.autoconfigure.restdocs.RestDocsTestExecutionListener, org.springframework.boot.test.autoconfigure.web.client.MockRestServiceServerResetTestExecutionListener, org.springframework.boot.test.autoconfigure.web.servlet.MockMvcPrintOnlyOnFailureTestExecutionListener, org.springframework.boot.test.autoconfigure.web.servlet.WebDriverTestExecutionListener, org.springframework.boot.test.mock.mockito.MockitoTestExecutionListener, org.springframework.boot.test.mock.mockito.ResetMocksTestExecutionListener, org.springframework.test.context.web.ServletTestExecutionListener, org.springframework.test.context.support.DirtiesContextBeforeModesTestExecutionListener, org.springframework.test.context.support.DependencyInjectionTestExecutionListener, org.springframework.test.context.support.DirtiesContextTestExecutionListener, org.springframework.test.context.transaction.TransactionalTestExecutionListener, org.springframework.test.context.jdbc.SqlScriptsTestExecutionListener]
2022-08-19 12:32:46.700  INFO 37996 --- [    Test worker] .b.t.c.SpringBootTestContextBootstrapper : Using TestExecutionListeners: [org.springframework.test.context.web.ServletTestExecutionListener@4058594a, org.springframework.test.context.support.DirtiesContextBeforeModesTestExecutionListener@4fbb9470, org.springframework.boot.test.mock.mockito.MockitoTestExecutionListener@af0d71f, org.springframework.boot.test.autoconfigure.SpringBootDependencyInjectionTestExecutionListener@46c31e08, org.springframework.test.context.support.DirtiesContextTestExecutionListener@44539d93, org.springframework.test.context.transaction.TransactionalTestExecutionListener@57d8897d, org.springframework.test.context.jdbc.SqlScriptsTestExecutionListener@5b1ce4b6, org.springframework.security.test.context.support.WithSecurityContextTestExecutionListener@5f19283, org.springframework.security.test.context.support.ReactorContextTestExecutionListener@5d1628ab, org.springframework.boot.test.autoconfigure.restdocs.RestDocsTestExecutionListener@4e16d115, org.springframework.boot.test.autoconfigure.web.client.MockRestServiceServerResetTestExecutionListener@7213a535, org.springframework.boot.test.autoconfigure.web.servlet.MockMvcPrintOnlyOnFailureTestExecutionListener@7bff547e, org.springframework.boot.test.autoconfigure.web.servlet.WebDriverTestExecutionListener@174078da, org.springframework.boot.test.mock.mockito.ResetMocksTestExecutionListener@6fa68d5e]

  .   ____          _            __ _ _
 /\\ / ___'_ __ _ _(_)_ __  __ _ \ \ \ \
( ( )\___ | '_ | '_| | '_ \/ _` | \ \ \ \
 \\/  ___)| |_)| | | | | || (_| |  ) ) ) )
  '  |____| .__|_| |_|_| |_\__, | / / / /
 =========|_|==============|___/=/_/_/_/
 :: Spring Boot ::        (v2.1.9.RELEASE)

2022-08-19 12:32:46.766  INFO 37996 --- [    Test worker] c.j.b.s.web.IndexControllerTest          : Starting IndexControllerTest on DESKTOP-M9ND9L9 with PID 37996 (started by nanle in C:\Users\nanle\IdeaProjects\test)
2022-08-19 12:32:46.767  INFO 37996 --- [    Test worker] c.j.b.s.web.IndexControllerTest          : No active profile set, falling back to default profiles: default
2022-08-19 12:32:47.105  INFO 37996 --- [    Test worker] .s.d.r.c.RepositoryConfigurationDelegate : Bootstrapping Spring Data repositories in DEFAULT mode.
2022-08-19 12:32:47.155  INFO 37996 --- [    Test worker] .s.d.r.c.RepositoryConfigurationDelegate : Finished Spring Data repository scanning in 50ms. Found 2 repository interfaces.
2022-08-19 12:32:47.293  INFO 37996 --- [    Test worker] trationDelegate$BeanPostProcessorChecker : Bean 'org.springframework.transaction.annotation.ProxyTransactionManagementConfiguration' of type [org.springframework.transaction.annotation.ProxyTransactionManagementConfiguration$$EnhancerBySpringCGLIB$$e29086fa] is not eligible for getting processed by all BeanPostProcessors (for example: not eligible for auto-proxying)
2022-08-19 12:32:47.718  INFO 37996 --- [    Test worker] o.s.b.w.embedded.tomcat.TomcatWebServer  : Tomcat initialized with port(s): 0 (http)
2022-08-19 12:32:47.766  INFO 37996 --- [    Test worker] o.apache.catalina.core.StandardService   : Starting service [Tomcat]
2022-08-19 12:32:47.766  INFO 37996 --- [    Test worker] org.apache.catalina.core.StandardEngine  : Starting Servlet engine: [Apache Tomcat/9.0.26]
2022-08-19 12:32:48.052  INFO 37996 --- [    Test worker] o.a.c.c.C.[Tomcat].[localhost].[/]       : Initializing Spring embedded WebApplicationContext
2022-08-19 12:32:48.052  INFO 37996 --- [    Test worker] o.s.web.context.ContextLoader            : Root WebApplicationContext: initialization completed in 1281 ms
2022-08-19 12:32:48.321  INFO 37996 --- [    Test worker] com.zaxxer.hikari.HikariDataSource       : HikariPool-2 - Starting...
2022-08-19 12:32:48.323  INFO 37996 --- [    Test worker] com.zaxxer.hikari.HikariDataSource       : HikariPool-2 - Start completed.
2022-08-19 12:32:48.377  INFO 37996 --- [    Test worker] o.hibernate.jpa.internal.util.LogHelper  : HHH000204: Processing PersistenceUnitInfo [
	name: default
	...]
2022-08-19 12:32:48.392  INFO 37996 --- [    Test worker] org.hibernate.dialect.Dialect            : HHH000400: Using dialect: org.hibernate.dialect.MySQL5InnoDBDialect
Hibernate: drop table if exists posts
Hibernate: drop table if exists user
Hibernate: create table posts (id bigint not null auto_increment, created_date datetime, modified_date datetime, author varchar(255), content TEXT not null, title varchar(500) not null, primary key (id)) engine=InnoDB
Hibernate: create table user (id bigint not null auto_increment, created_date datetime, modified_date datetime, email varchar(255) not null, name varchar(255) not null, picture varchar(255), role varchar(255) not null, primary key (id)) engine=InnoDB
2022-08-19 12:32:48.471  INFO 37996 --- [    Test worker] o.h.t.schema.internal.SchemaCreatorImpl  : HHH000476: Executing import script 'org.hibernate.tool.schema.internal.exec.ScriptSourceInputNonExistentImpl@33b4ebcc'
2022-08-19 12:32:48.471  INFO 37996 --- [    Test worker] j.LocalContainerEntityManagerFactoryBean : Initialized JPA EntityManagerFactory for persistence unit 'default'
2022-08-19 12:32:48.945  INFO 37996 --- [    Test worker] o.h.h.i.QueryTranslatorFactoryInitiator  : HHH000397: Using ASTQueryTranslatorFactory
2022-08-19 12:32:49.185  INFO 37996 --- [    Test worker] o.s.s.web.DefaultSecurityFilterChain     : Creating filter chain: any request, [org.springframework.security.web.context.request.async.WebAsyncManagerIntegrationFilter@27d90cc6, org.springframework.security.web.context.SecurityContextPersistenceFilter@6acd1f82, org.springframework.security.web.header.HeaderWriterFilter@28e92c3c, org.springframework.security.web.authentication.logout.LogoutFilter@67636c04, org.springframework.security.oauth2.client.web.OAuth2AuthorizationRequestRedirectFilter@2f54dfce, org.springframework.security.oauth2.client.web.OAuth2LoginAuthenticationFilter@7ee741ab, org.springframework.security.web.authentication.ui.DefaultLoginPageGeneratingFilter@65504e23, org.springframework.security.web.authentication.ui.DefaultLogoutPageGeneratingFilter@51d5fb6b, org.springframework.security.web.savedrequest.RequestCacheAwareFilter@2c5a0da6, org.springframework.security.web.servletapi.SecurityContextHolderAwareRequestFilter@4d334cdd, org.springframework.security.web.authentication.AnonymousAuthenticationFilter@5876e430, org.springframework.security.web.session.SessionManagementFilter@70cb1008, org.springframework.security.web.access.ExceptionTranslationFilter@646456b3, org.springframework.security.web.access.intercept.FilterSecurityInterceptor@7170f15f]
2022-08-19 12:32:49.491  INFO 37996 --- [    Test worker] o.s.s.concurrent.ThreadPoolTaskExecutor  : Initializing ExecutorService 'applicationTaskExecutor'
2022-08-19 12:32:49.509  WARN 37996 --- [    Test worker] aWebConfiguration$JpaWebMvcConfiguration : spring.jpa.open-in-view is enabled by default. Therefore, database queries may be performed during view rendering. Explicitly configure spring.jpa.open-in-view to disable this warning
2022-08-19 12:32:49.552  INFO 37996 --- [    Test worker] o.s.b.a.w.s.WelcomePageHandlerMapping    : Adding welcome page template: index
2022-08-19 12:32:49.930  INFO 37996 --- [    Test worker] s.a.ScheduledAnnotationBeanPostProcessor : No TaskScheduler/ScheduledExecutorService bean found for scheduled processing
2022-08-19 12:32:49.953  INFO 37996 --- [    Test worker] o.s.b.w.embedded.tomcat.TomcatWebServer  : Tomcat started on port(s): 64454 (http) with context path ''
2022-08-19 12:32:49.954  INFO 37996 --- [    Test worker] c.j.b.s.web.IndexControllerTest          : Started IndexControllerTest in 3.251 seconds (JVM running for 17.5)
2022-08-19 12:32:50.129  INFO 37996 --- [o-auto-1-exec-1] o.a.c.c.C.[Tomcat].[localhost].[/]       : Initializing Spring DispatcherServlet 'dispatcherServlet'
2022-08-19 12:32:50.130  INFO 37996 --- [o-auto-1-exec-1] o.s.web.servlet.DispatcherServlet        : Initializing Servlet 'dispatcherServlet'
2022-08-19 12:32:50.167  INFO 37996 --- [o-auto-1-exec-1] o.s.web.servlet.DispatcherServlet        : Completed initialization in 37 ms
Hibernate: select posts0_.id as id1_0_, posts0_.created_date as created_2_0_, posts0_.modified_date as modified3_0_, posts0_.author as author4_0_, posts0_.content as content5_0_, posts0_.title as title6_0_ from posts posts0_ order by posts0_.id DESC
]]></system-out>
  <system-err><![CDATA[]]></system-err>
</testsuite>
