<?xml version="1.0" encoding="UTF-8"?>
<testsuite name="dto.HelloResponseDtoTest" tests="1" skipped="0" failures="0" errors="0" timestamp="2022-08-07T11:41:04" hostname="DESKTOP-M9ND9L9" time="0.004">
  <properties/>
  <testcase name="롬복_기능_테스트" classname="dto.HelloResponseDtoTest" time="0.004"/>
  <system-out><![CDATA[]]></system-out>
  <system-err><![CDATA[]]></system-err>
</testsuite>
