<?xml version="1.0" encoding="UTF-8"?>
<testsuite name="com.jojoldu.book.springboot.web.HelloControllerTest" tests="2" skipped="0" failures="0" errors="0" timestamp="2022-08-19T03:32:46" hostname="DESKTOP-M9ND9L9" time="0.215">
  <properties/>
  <testcase name="helloDTO가_리턴된다" classname="com.jojoldu.book.springboot.web.HelloControllerTest" time="0.205"/>
  <testcase name="hello가_리턴된다" classname="com.jojoldu.book.springboot.web.HelloControllerTest" time="0.01"/>
  <system-out><![CDATA[2022-08-19 12:32:44.926  INFO 37996 --- [    Test worker] .b.t.a.w.s.WebMvcTestContextBootstrapper : Neither @ContextConfiguration nor @ContextHierarchy found for test class [com.jojoldu.book.springboot.web.HelloControllerTest], using SpringBootContextLoader
2022-08-19 12:32:44.929  INFO 37996 --- [    Test worker] o.s.t.c.support.AbstractContextLoader    : Could not detect default resource locations for test class [com.jojoldu.book.springboot.web.HelloControllerTest]: no resource found for suffixes {-context.xml, Context.groovy}.
2022-08-19 12:32:44.930  INFO 37996 --- [    Test worker] t.c.s.AnnotationConfigContextLoaderUtils : Could not detect default configuration classes for test class [com.jojoldu.book.springboot.web.HelloControllerTest]: HelloControllerTest does not declare any static, non-private, non-final, nested classes annotated with @Configuration.
2022-08-19 12:32:44.984  INFO 37996 --- [    Test worker] .b.t.c.SpringBootTestContextBootstrapper : Found @SpringBootConfiguration com.jojoldu.book.springboot.Application for test class com.jojoldu.book.springboot.web.HelloControllerTest
2022-08-19 12:32:44.984  INFO 37996 --- [    Test worker] .b.t.a.w.s.WebMvcTestContextBootstrapper : Loaded default TestExecutionListener class names from location [META-INF/spring.factories]: [org.springframework.security.test.context.support.WithSecurityContextTestExecutionListener, org.springframework.security.test.context.support.ReactorContextTestExecutionListener, org.springframework.boot.test.autoconfigure.restdocs.RestDocsTestExecutionListener, org.springframework.boot.test.autoconfigure.web.client.MockRestServiceServerResetTestExecutionListener, org.springframework.boot.test.autoconfigure.web.servlet.MockMvcPrintOnlyOnFailureTestExecutionListener, org.springframework.boot.test.autoconfigure.web.servlet.WebDriverTestExecutionListener, org.springframework.boot.test.mock.mockito.MockitoTestExecutionListener, org.springframework.boot.test.mock.mockito.ResetMocksTestExecutionListener, org.springframework.test.context.web.ServletTestExecutionListener, org.springframework.test.context.support.DirtiesContextBeforeModesTestExecutionListener, org.springframework.test.context.support.DependencyInjectionTestExecutionListener, org.springframework.test.context.support.DirtiesContextTestExecutionListener, org.springframework.test.context.transaction.TransactionalTestExecutionListener, org.springframework.test.context.jdbc.SqlScriptsTestExecutionListener]
2022-08-19 12:32:44.986  INFO 37996 --- [    Test worker] .b.t.a.w.s.WebMvcTestContextBootstrapper : Using TestExecutionListeners: [org.springframework.test.context.web.ServletTestExecutionListener@4cbfb345, org.springframework.test.context.support.DirtiesContextBeforeModesTestExecutionListener@3c5fdb0a, org.springframework.boot.test.mock.mockito.MockitoTestExecutionListener@1954ed84, org.springframework.boot.test.autoconfigure.SpringBootDependencyInjectionTestExecutionListener@3fbffc5a, org.springframework.test.context.support.DirtiesContextTestExecutionListener@eab5573, org.springframework.test.context.transaction.TransactionalTestExecutionListener@4c6e4827, org.springframework.test.context.jdbc.SqlScriptsTestExecutionListener@72e8a4e3, org.springframework.security.test.context.support.WithSecurityContextTestExecutionListener@32f5dbc8, org.springframework.security.test.context.support.ReactorContextTestExecutionListener@66211028, org.springframework.boot.test.autoconfigure.restdocs.RestDocsTestExecutionListener@58b053bb, org.springframework.boot.test.autoconfigure.web.client.MockRestServiceServerResetTestExecutionListener@6f482bf2, org.springframework.boot.test.autoconfigure.web.servlet.MockMvcPrintOnlyOnFailureTestExecutionListener@73ff9648, org.springframework.boot.test.autoconfigure.web.servlet.WebDriverTestExecutionListener@1db1784f, org.springframework.boot.test.mock.mockito.ResetMocksTestExecutionListener@4746ddc9]

  .   ____          _            __ _ _
 /\\ / ___'_ __ _ _(_)_ __  __ _ \ \ \ \
( ( )\___ | '_ | '_| | '_ \/ _` | \ \ \ \
 \\/  ___)| |_)| | | | | || (_| |  ) ) ) )
  '  |____| .__|_| |_|_| |_\__, | / / / /
 =========|_|==============|___/=/_/_/_/
 :: Spring Boot ::        (v2.1.9.RELEASE)

2022-08-19 12:32:45.055  INFO 37996 --- [    Test worker] c.j.b.s.web.HelloControllerTest          : Starting HelloControllerTest on DESKTOP-M9ND9L9 with PID 37996 (started by nanle in C:\Users\nanle\IdeaProjects\test)
2022-08-19 12:32:45.057  INFO 37996 --- [    Test worker] c.j.b.s.web.HelloControllerTest          : No active profile set, falling back to default profiles: default
2022-08-19 12:32:45.732  INFO 37996 --- [    Test worker] o.s.s.concurrent.ThreadPoolTaskExecutor  : Initializing ExecutorService 'applicationTaskExecutor'
2022-08-19 12:32:45.785  INFO 37996 --- [    Test worker] o.s.b.a.w.s.WelcomePageHandlerMapping    : Adding welcome page template: index
2022-08-19 12:32:46.100  INFO 37996 --- [    Test worker] .s.s.UserDetailsServiceAutoConfiguration : 

Using generated security password: 1e92805b-14a2-4c6d-8457-c8b4763ac936

2022-08-19 12:32:46.335  INFO 37996 --- [    Test worker] o.s.s.web.DefaultSecurityFilterChain     : Creating filter chain: any request, [org.springframework.security.web.context.request.async.WebAsyncManagerIntegrationFilter@27d111ad, org.springframework.security.web.context.SecurityContextPersistenceFilter@14605f3e, org.springframework.security.web.header.HeaderWriterFilter@24e2b17e, org.springframework.security.web.csrf.CsrfFilter@38ee980e, org.springframework.security.web.authentication.logout.LogoutFilter@285c5d7d, org.springframework.security.web.authentication.UsernamePasswordAuthenticationFilter@312a14af, org.springframework.security.web.authentication.ui.DefaultLoginPageGeneratingFilter@4eae3a0c, org.springframework.security.web.authentication.ui.DefaultLogoutPageGeneratingFilter@710fc64a, org.springframework.security.web.authentication.www.BasicAuthenticationFilter@38042f, org.springframework.security.web.savedrequest.RequestCacheAwareFilter@1405df4f, org.springframework.security.web.servletapi.SecurityContextHolderAwareRequestFilter@25ddf5f0, org.springframework.security.web.authentication.AnonymousAuthenticationFilter@3156bd38, org.springframework.security.web.session.SessionManagementFilter@68806304, org.springframework.security.web.access.ExceptionTranslationFilter@49d9278a, org.springframework.security.web.access.intercept.FilterSecurityInterceptor@4d2a1d46]
2022-08-19 12:32:46.397  INFO 37996 --- [    Test worker] o.s.b.t.m.w.SpringBootMockServletContext : Initializing Spring TestDispatcherServlet ''
2022-08-19 12:32:46.398  INFO 37996 --- [    Test worker] o.s.t.web.servlet.TestDispatcherServlet  : Initializing Servlet ''
2022-08-19 12:32:46.422  INFO 37996 --- [    Test worker] o.s.t.web.servlet.TestDispatcherServlet  : Completed initialization in 24 ms
2022-08-19 12:32:46.468  INFO 37996 --- [    Test worker] c.j.b.s.web.HelloControllerTest          : Started HelloControllerTest in 1.478 seconds (JVM running for 14.013)
]]></system-out>
  <system-err><![CDATA[]]></system-err>
</testsuite>
